<?xml version="1.0" encoding="UTF-8"?>
<!-- Generated by org.testng.reporters.JUnitXMLReporter -->
<testsuite ignored="0" hostname="DESKTOP-14DE18T" failures="0" tests="4" name="RegressionTestOnChrome" time="105.837" errors="0" timestamp="2023-11-06T12:33:40 IST">
  <testcase classname="selenium.LaunchBrowser1Test" name="loginToSwagLabStandardUser" time="8.335"/>
  <testcase classname="selenium.LaunchBrowser1Test" name="loginToSwagLabStandardUser" time="0.567"/>
  <testcase classname="selenium.LaunchBrowser1Test" name="loginToSwagLabStandardUser" time="1.159"/>
  <testcase classname="selenium.LaunchBrowser1Test" name="loginToSwagLabStandardUser" time="9.676"/>
</testsuite> <!-- RegressionTestOnChrome -->
