<?xml version="1.0" encoding="UTF-8"?>
<!-- Generated by org.testng.reporters.JUnitXMLReporter -->
<testsuite ignored="0" hostname="DESKTOP-14DE18T" failures="0" tests="4" name="RegressionTestOnEdge" time="75.483" errors="0" timestamp="2023-11-06T12:34:55 IST">
  <testcase classname="selenium.LaunchBrowser1Test" name="loginToSwagLabStandardUser" time="0.0">
    <skipped/>
  </testcase> <!-- loginToSwagLabStandardUser -->
  <testcase classname="selenium.LaunchBrowser1Test" name="loginToSwagLabStandardUser" time="0.001">
    <skipped/>
  </testcase> <!-- loginToSwagLabStandardUser -->
  <testcase classname="selenium.LaunchBrowser1Test" name="loginToSwagLabStandardUser" time="0.0">
    <skipped/>
  </testcase> <!-- loginToSwagLabStandardUser -->
  <testcase classname="selenium.LaunchBrowser1Test" name="loginToSwagLabStandardUser" time="0.0">
    <skipped/>
  </testcase> <!-- loginToSwagLabStandardUser -->
</testsuite> <!-- RegressionTestOnEdge -->
