<?xml version="1.0" encoding="UTF-8"?>
<!-- Generated by org.testng.reporters.JUnitXMLReporter -->
<testsuite ignored="3" hostname="DESKTOP-14DE18T" failures="0" tests="3" name="Regression testing" time="60.99" errors="0" timestamp="2023-10-04T15:22:25 IST">
  <testcase classname="basic.SampleTest" name="test1" time="0.015"/>
  <testcase classname="basic.FaceBookLoginTestPage" name="loginWithInvalidUserNameAndValidPassword" time="54.195"/>
  <testcase classname="basic.FaceBookLoginTestPage" name="loginWithValidUsernameAndInvalidPassword" time="6.633"/>
  <testcase classname="basic.SampleTest" name="test3" time="0.0">
    <ignored/>
  </testcase> <!-- test3 -->
  <testcase classname="basic.SampleTest" name="test2" time="0.0">
    <ignored/>
  </testcase> <!-- test2 -->
  <testcase classname="basic.FaceBookLoginTestPage" name="loginWithValidCredentials" time="0.0">
    <ignored/>
  </testcase> <!-- loginWithValidCredentials -->
</testsuite> <!-- Regression testing -->
