<?xml version="1.0" encoding="UTF-8"?>
<!-- Generated by org.testng.reporters.JUnitXMLReporter -->
<testsuite ignored="0" hostname="DESKTOP-14DE18T" failures="0" tests="3" name="Regression Test" time="0.171" errors="0" timestamp="2023-10-04T15:47:55 IST">
  <testcase classname="basic.TestNGXMLPractice" name="addition" time="0.022"/>
  <testcase classname="basic.TestNGXMLPractice" name="test" time="0.009"/>
  <testcase classname="basic.TestNGXMLPractice" name="test" time="0.01"/>
</testsuite> <!-- Regression Test -->
